<?xml version="1.0" encoding="UTF-8"?>
<!-- Generated by org.testng.reporters.JUnitReportReporter -->
<testsuite hostname="AP-OTOteSrTg1T0" failures="0" tests="1" name="rahulshertyacademy.values" time="16.092" errors="0" timestamp="2024-08-08T18:31:43 IST" skipped="0">
  <testcase classname="rahulshertyacademy.values" name="m" time="16.092"/>
</testsuite> <!-- rahulshertyacademy.values -->
