<?xml version="1.0" encoding="UTF-8"?>
<!-- Generated by org.testng.reporters.JUnitReportReporter -->
<testsuite hostname="AP-OTOteSrTg1T0" failures="0" tests="2" name="rahulshertyacademy.Testcases" time="41.250" errors="0" timestamp="2024-08-21T11:43:42 IST" skipped="0">
  <testcase classname="rahulshertyacademy.Testcases" name="performLogin" time="16.366"/>
  <system-out/>
  <testcase classname="rahulshertyacademy.Testcases" name="performCargoOperations" time="24.884"/>
  <system-out/>
</testsuite> <!-- rahulshertyacademy.Testcases -->
