<?xml version="1.0" encoding="UTF-8"?>
<!-- Generated by org.testng.reporters.JUnitReportReporter -->
<testsuite hostname="AP-OTOteSrTg1T0" failures="0" tests="1" name="rahulshertyacademy.loginPage" time="16.876" errors="0" timestamp="2024-08-12T17:31:06 IST" skipped="0">
  <testcase classname="rahulshertyacademy.loginPage" name="m" time="16.876"/>
</testsuite> <!-- rahulshertyacademy.loginPage -->
